# JRE version: OpenJDK Runtime Environment (23.0.1+11) (build 23.0.1+11-39)
# Java VM: OpenJDK 64-Bit Server VM (23.0.1+11-39, mixed mode, sharing, tiered, compressed oops, compressed class ptrs, g1 gc, windows-amd64)
GC Precious Log:
 CardTable entry size: 512
 Card Set container configuration: InlinePtr #cards 5 size 8 Array Of Cards #cards 10 size 36 Howl #buckets 4 coarsen threshold 1843 Howl Bitmap #cards 512 size 80 coarsen threshold 460 Card regions per heap region 1 cards per card region 2048
 CPUs: 4 total, 4 available
 Memory: 3515M
 Large Page Support: Disabled
 NUMA Support: Disabled
 Compressed Oops: Enabled (32-bit)
 Heap Region Size: 1M
 Heap Min Capacity: 8M
 Heap Initial Capacity: 56M
 Heap Max Capacity: 880M
 Pre-touch: Disabled
 Parallel Workers: 4
 Concurrent Workers: 1
 Concurrent Refinement Workers: 4
 Periodic GC: Disabled
Heap:
 garbage-first heap   total reserved 901120K, committed 176128K, used 105262K [0x00000000c9000000, 0x0000000100000000)
  region size 1024K, 83 young (84992K), 3 survivors (3072K)
 Metaspace       used 28533K, committed 28864K, reserved 1114112K
  class space    used 3332K, committed 3456K, reserved 1048576K
GC Heap History (20 events):
Event: 10.308 GC heap before
{Heap before GC invocations=1 (full 0):
 garbage-first heap   total reserved 901120K, committed 57344K, used 16075K [0x00000000c9000000, 0x0000000100000000)
  region size 1024K, 14 young (14336K), 2 survivors (2048K)
 Metaspace       used 6631K, committed 6784K, reserved 1114112K
  class space    used 794K, committed 896K, reserved 1048576K
}
Event: 10.316 GC heap after
{Heap after GC invocations=2 (full 0):
 garbage-first heap   total reserved 901120K, committed 57344K, used 5056K [0x00000000c9000000, 0x0000000100000000)
  region size 1024K, 1 young (1024K), 1 survivors (1024K)
 Metaspace       used 6631K, committed 6784K, reserved 1114112K
  class space    used 794K, committed 896K, reserved 1048576K
}
Event: 14.458 GC heap before
{Heap before GC invocations=2 (full 0):
 garbage-first heap   total reserved 901120K, committed 57344K, used 30656K [0x00000000c9000000, 0x0000000100000000)
  region size 1024K, 27 young (27648K), 1 survivors (1024K)
 Metaspace       used 9892K, committed 10048K, reserved 1114112K
  class space    used 1190K, committed 1280K, reserved 1048576K
}
Event: 14.464 GC heap after
{Heap after GC invocations=3 (full 0):
 garbage-first heap   total reserved 901120K, committed 57344K, used 6013K [0x00000000c9000000, 0x0000000100000000)
  region size 1024K, 2 young (2048K), 2 survivors (2048K)
 Metaspace       used 9892K, committed 10048K, reserved 1114112K
  class space    used 1190K, committed 1280K, reserved 1048576K
}
Event: 21.166 GC heap before
{Heap before GC invocations=3 (full 0):
 garbage-first heap   total reserved 901120K, committed 57344K, used 32637K [0x00000000c9000000, 0x0000000100000000)
  region size 1024K, 28 young (28672K), 2 survivors (2048K)
 Metaspace       used 14616K, committed 14848K, reserved 1114112K
  class space    used 1803K, committed 1920K, reserved 1048576K
}
Event: 21.188 GC heap after
{Heap after GC invocations=4 (full 0):
 garbage-first heap   total reserved 901120K, committed 57344K, used 8192K [0x00000000c9000000, 0x0000000100000000)
  region size 1024K, 4 young (4096K), 4 survivors (4096K)
 Metaspace       used 14616K, committed 14848K, reserved 1114112K
  class space    used 1803K, committed 1920K, reserved 1048576K
}
Event: 26.065 GC heap before
{Heap before GC invocations=4 (full 0):
 garbage-first heap   total reserved 901120K, committed 57344K, used 37888K [0x00000000c9000000, 0x0000000100000000)
  region size 1024K, 33 young (33792K), 4 survivors (4096K)
 Metaspace       used 16496K, committed 16768K, reserved 1114112K
  class space    used 1994K, committed 2112K, reserved 1048576K
}
Event: 26.151 GC heap after
{Heap after GC invocations=5 (full 0):
 garbage-first heap   total reserved 901120K, committed 57344K, used 11946K [0x00000000c9000000, 0x0000000100000000)
  region size 1024K, 5 young (5120K), 5 survivors (5120K)
 Metaspace       used 16496K, committed 16768K, reserved 1114112K
  class space    used 1994K, committed 2112K, reserved 1048576K
}
Event: 31.244 GC heap before
{Heap before GC invocations=5 (full 0):
 garbage-first heap   total reserved 901120K, committed 57344K, used 39594K [0x00000000c9000000, 0x0000000100000000)
  region size 1024K, 32 young (32768K), 5 survivors (5120K)
 Metaspace       used 16889K, committed 17152K, reserved 1114112K
  class space    used 2019K, committed 2176K, reserved 1048576K
}
Event: 31.304 GC heap after
{Heap after GC invocations=6 (full 0):
 garbage-first heap   total reserved 901120K, committed 57344K, used 15271K [0x00000000c9000000, 0x0000000100000000)
  region size 1024K, 3 young (3072K), 3 survivors (3072K)
 Metaspace       used 16889K, committed 17152K, reserved 1114112K
  class space    used 2019K, committed 2176K, reserved 1048576K
}
Event: 37.149 GC heap before
{Heap before GC invocations=6 (full 0):
 garbage-first heap   total reserved 901120K, committed 57344K, used 42919K [0x00000000c9000000, 0x0000000100000000)
  region size 1024K, 30 young (30720K), 3 survivors (3072K)
 Metaspace       used 17139K, committed 17472K, reserved 1114112K
  class space    used 2019K, committed 2176K, reserved 1048576K
}
Event: 37.165 GC heap after
{Heap after GC invocations=7 (full 0):
 garbage-first heap   total reserved 901120K, committed 57344K, used 17236K [0x00000000c9000000, 0x0000000100000000)
  region size 1024K, 2 young (2048K), 2 survivors (2048K)
 Metaspace       used 17139K, committed 17472K, reserved 1114112K
  class space    used 2019K, committed 2176K, reserved 1048576K
}
Event: 41.997 GC heap before
{Heap before GC invocations=7 (full 0):
 garbage-first heap   total reserved 901120K, committed 57344K, used 44884K [0x00000000c9000000, 0x0000000100000000)
  region size 1024K, 29 young (29696K), 2 survivors (2048K)
 Metaspace       used 18049K, committed 18304K, reserved 1114112K
  class space    used 2115K, committed 2240K, reserved 1048576K
}
Event: 42.005 GC heap after
{Heap after GC invocations=8 (full 0):
 garbage-first heap   total reserved 901120K, committed 57344K, used 17869K [0x00000000c9000000, 0x0000000100000000)
  region size 1024K, 3 young (3072K), 3 survivors (3072K)
 Metaspace       used 18049K, committed 18304K, reserved 1114112K
  class space    used 2115K, committed 2240K, reserved 1048576K
}
Event: 42.123 GC heap before
{Heap before GC invocations=8 (full 0):
 garbage-first heap   total reserved 901120K, committed 57344K, used 27085K [0x00000000c9000000, 0x0000000100000000)
  region size 1024K, 5 young (5120K), 3 survivors (3072K)
 Metaspace       used 18395K, committed 18688K, reserved 1114112K
  class space    used 2144K, committed 2304K, reserved 1048576K
}
Event: 42.134 GC heap after
{Heap after GC invocations=9 (full 0):
 garbage-first heap   total reserved 901120K, committed 57344K, used 26374K [0x00000000c9000000, 0x0000000100000000)
  region size 1024K, 2 young (2048K), 2 survivors (2048K)
 Metaspace       used 18395K, committed 18688K, reserved 1114112K
  class space    used 2144K, committed 2304K, reserved 1048576K
}
Event: 42.136 GC heap before
{Heap before GC invocations=9 (full 0):
 garbage-first heap   total reserved 901120K, committed 57344K, used 38662K [0x00000000c9000000, 0x0000000100000000)
  region size 1024K, 3 young (3072K), 2 survivors (2048K)
 Metaspace       used 18395K, committed 18688K, reserved 1114112K
  class space    used 2144K, committed 2304K, reserved 1048576K
}
Event: 42.142 GC heap after
{Heap after GC invocations=10 (full 0):
 garbage-first heap   total reserved 901120K, committed 72704K, used 38854K [0x00000000c9000000, 0x0000000100000000)
  region size 1024K, 2 young (2048K), 2 survivors (2048K)
 Metaspace       used 18395K, committed 18688K, reserved 1114112K
  class space    used 2144K, committed 2304K, reserved 1048576K
}
Event: 45.341 GC heap before
{Heap before GC invocations=11 (full 0):
 garbage-first heap   total reserved 901120K, committed 176128K, used 137158K [0x00000000c9000000, 0x0000000100000000)
  region size 1024K, 22 young (22528K), 2 survivors (2048K)
 Metaspace       used 20824K, committed 21184K, reserved 1114112K
  class space    used 2425K, committed 2624K, reserved 1048576K
}
Event: 45.350 GC heap after
{Heap after GC invocations=12 (full 0):
 garbage-first heap   total reserved 901120K, committed 176128K, used 19246K [0x00000000c9000000, 0x0000000100000000)
  region size 1024K, 3 young (3072K), 3 survivors (3072K)
 Metaspace       used 20824K, committed 21184K, reserved 1114112K
  class space    used 2425K, committed 2624K, reserved 1048576K
}

