# JRE version: OpenJDK Runtime Environment (23.0.1+11) (build 23.0.1+11-39)
# Java VM: OpenJDK 64-Bit Server VM (23.0.1+11-39, mixed mode, sharing, tiered, compressed oops, compressed class ptrs, g1 gc, windows-amd64)
GC Precious Log:
 CardTable entry size: 512
 Card Set container configuration: InlinePtr #cards 5 size 8 Array Of Cards #cards 10 size 36 Howl #buckets 4 coarsen threshold 1843 Howl Bitmap #cards 512 size 80 coarsen threshold 460 Card regions per heap region 1 cards per card region 2048
 CPUs: 4 total, 4 available
 Memory: 3515M
 Large Page Support: Disabled
 NUMA Support: Disabled
 Compressed Oops: Enabled (32-bit)
 Heap Region Size: 1M
 Heap Min Capacity: 8M
 Heap Initial Capacity: 56M
 Heap Max Capacity: 880M
 Pre-touch: Disabled
 Parallel Workers: 4
 Concurrent Workers: 1
 Concurrent Refinement Workers: 4
 Periodic GC: Disabled
Heap:
 garbage-first heap   total reserved 901120K, committed 78848K, used 57344K [0x00000000c9000000, 0x0000000100000000)
  region size 1024K, 11 young (11264K), 2 survivors (2048K)
 Metaspace       used 29571K, committed 29952K, reserved 1114112K
  class space    used 3444K, committed 3584K, reserved 1048576K
GC Heap History (20 events):
Event: 24.205 GC heap before
{Heap before GC invocations=4 (full 0):
 garbage-first heap   total reserved 901120K, committed 57344K, used 37773K [0x00000000c9000000, 0x0000000100000000)
  region size 1024K, 33 young (33792K), 4 survivors (4096K)
 Metaspace       used 16507K, committed 16768K, reserved 1114112K
  class space    used 1994K, committed 2112K, reserved 1048576K
}
Event: 24.229 GC heap after
{Heap after GC invocations=5 (full 0):
 garbage-first heap   total reserved 901120K, committed 57344K, used 11885K [0x00000000c9000000, 0x0000000100000000)
  region size 1024K, 5 young (5120K), 5 survivors (5120K)
 Metaspace       used 16507K, committed 16768K, reserved 1114112K
  class space    used 1994K, committed 2112K, reserved 1048576K
}
Event: 29.785 GC heap before
{Heap before GC invocations=5 (full 0):
 garbage-first heap   total reserved 901120K, committed 57344K, used 39533K [0x00000000c9000000, 0x0000000100000000)
  region size 1024K, 32 young (32768K), 5 survivors (5120K)
 Metaspace       used 16893K, committed 17216K, reserved 1114112K
  class space    used 2019K, committed 2176K, reserved 1048576K
}
Event: 29.844 GC heap after
{Heap after GC invocations=6 (full 0):
 garbage-first heap   total reserved 901120K, committed 57344K, used 15271K [0x00000000c9000000, 0x0000000100000000)
  region size 1024K, 3 young (3072K), 3 survivors (3072K)
 Metaspace       used 16893K, committed 17216K, reserved 1114112K
  class space    used 2019K, committed 2176K, reserved 1048576K
}
Event: 34.928 GC heap before
{Heap before GC invocations=6 (full 0):
 garbage-first heap   total reserved 901120K, committed 57344K, used 42919K [0x00000000c9000000, 0x0000000100000000)
  region size 1024K, 30 young (30720K), 3 survivors (3072K)
 Metaspace       used 17133K, committed 17408K, reserved 1114112K
  class space    used 2020K, committed 2176K, reserved 1048576K
}
Event: 34.939 GC heap after
{Heap after GC invocations=7 (full 0):
 garbage-first heap   total reserved 901120K, committed 57344K, used 17129K [0x00000000c9000000, 0x0000000100000000)
  region size 1024K, 2 young (2048K), 2 survivors (2048K)
 Metaspace       used 17133K, committed 17408K, reserved 1114112K
  class space    used 2020K, committed 2176K, reserved 1048576K
}
Event: 39.843 GC heap before
{Heap before GC invocations=7 (full 0):
 garbage-first heap   total reserved 901120K, committed 57344K, used 44777K [0x00000000c9000000, 0x0000000100000000)
  region size 1024K, 29 young (29696K), 2 survivors (2048K)
 Metaspace       used 18003K, committed 18304K, reserved 1114112K
  class space    used 2108K, committed 2240K, reserved 1048576K
}
Event: 39.853 GC heap after
{Heap after GC invocations=8 (full 0):
 garbage-first heap   total reserved 901120K, committed 57344K, used 17857K [0x00000000c9000000, 0x0000000100000000)
  region size 1024K, 3 young (3072K), 3 survivors (3072K)
 Metaspace       used 18003K, committed 18304K, reserved 1114112K
  class space    used 2108K, committed 2240K, reserved 1048576K
}
Event: 42.673 GC heap before
{Heap before GC invocations=8 (full 0):
 garbage-first heap   total reserved 901120K, committed 57344K, used 47553K [0x00000000c9000000, 0x0000000100000000)
  region size 1024K, 30 young (30720K), 3 survivors (3072K)
 Metaspace       used 21234K, committed 21504K, reserved 1114112K
  class space    used 2471K, committed 2624K, reserved 1048576K
}
Event: 42.711 GC heap after
{Heap after GC invocations=9 (full 0):
 garbage-first heap   total reserved 901120K, committed 57344K, used 24720K [0x00000000c9000000, 0x0000000100000000)
  region size 1024K, 4 young (4096K), 4 survivors (4096K)
 Metaspace       used 21234K, committed 21504K, reserved 1114112K
  class space    used 2471K, committed 2624K, reserved 1048576K
}
Event: 45.088 GC heap before
{Heap before GC invocations=10 (full 0):
 garbage-first heap   total reserved 901120K, committed 57344K, used 50320K [0x00000000c9000000, 0x0000000100000000)
  region size 1024K, 25 young (25600K), 4 survivors (4096K)
 Metaspace       used 26960K, committed 27264K, reserved 1114112K
  class space    used 3152K, committed 3264K, reserved 1048576K
}
Event: 45.121 GC heap after
{Heap after GC invocations=11 (full 0):
 garbage-first heap   total reserved 901120K, committed 66560K, used 40448K [0x00000000c9000000, 0x0000000100000000)
  region size 1024K, 4 young (4096K), 4 survivors (4096K)
 Metaspace       used 26960K, committed 27264K, reserved 1114112K
  class space    used 3152K, committed 3264K, reserved 1048576K
}
Event: 46.079 GC heap before
{Heap before GC invocations=11 (full 0):
 garbage-first heap   total reserved 901120K, committed 66560K, used 54784K [0x00000000c9000000, 0x0000000100000000)
  region size 1024K, 18 young (18432K), 4 survivors (4096K)
 Metaspace       used 27011K, committed 27328K, reserved 1114112K
  class space    used 3154K, committed 3264K, reserved 1048576K
}
Event: 46.089 GC heap after
{Heap after GC invocations=12 (full 0):
 garbage-first heap   total reserved 901120K, committed 66560K, used 44032K [0x00000000c9000000, 0x0000000100000000)
  region size 1024K, 3 young (3072K), 3 survivors (3072K)
 Metaspace       used 27011K, committed 27328K, reserved 1114112K
  class space    used 3154K, committed 3264K, reserved 1048576K
}
Event: 46.673 GC heap before
{Heap before GC invocations=12 (full 0):
 garbage-first heap   total reserved 901120K, committed 66560K, used 55296K [0x00000000c9000000, 0x0000000100000000)
  region size 1024K, 15 young (15360K), 3 survivors (3072K)
 Metaspace       used 27262K, committed 27584K, reserved 1114112K
  class space    used 3190K, committed 3328K, reserved 1048576K
}
Event: 46.683 GC heap after
{Heap after GC invocations=13 (full 0):
 garbage-first heap   total reserved 901120K, committed 66560K, used 48128K [0x00000000c9000000, 0x0000000100000000)
  region size 1024K, 2 young (2048K), 2 survivors (2048K)
 Metaspace       used 27262K, committed 27584K, reserved 1114112K
  class space    used 3190K, committed 3328K, reserved 1048576K
}
Event: 47.495 GC heap before
{Heap before GC invocations=14 (full 0):
 garbage-first heap   total reserved 901120K, committed 78848K, used 57344K [0x00000000c9000000, 0x0000000100000000)
  region size 1024K, 12 young (12288K), 2 survivors (2048K)
 Metaspace       used 27641K, committed 27904K, reserved 1114112K
  class space    used 3214K, committed 3328K, reserved 1048576K
}
Event: 47.505 GC heap after
{Heap after GC invocations=15 (full 0):
 garbage-first heap   total reserved 901120K, committed 78848K, used 49492K [0x00000000c9000000, 0x0000000100000000)
  region size 1024K, 2 young (2048K), 2 survivors (2048K)
 Metaspace       used 27641K, committed 27904K, reserved 1114112K
  class space    used 3214K, committed 3328K, reserved 1048576K
}
Event: 48.174 GC heap before
{Heap before GC invocations=15 (full 0):
 garbage-first heap   total reserved 901120K, committed 78848K, used 65876K [0x00000000c9000000, 0x0000000100000000)
  region size 1024K, 18 young (18432K), 2 survivors (2048K)
 Metaspace       used 28014K, committed 28416K, reserved 1114112K
  class space    used 3235K, committed 3392K, reserved 1048576K
}
Event: 48.191 GC heap after
{Heap after GC invocations=16 (full 0):
 garbage-first heap   total reserved 901120K, committed 78848K, used 49152K [0x00000000c9000000, 0x0000000100000000)
  region size 1024K, 2 young (2048K), 2 survivors (2048K)
 Metaspace       used 28014K, committed 28416K, reserved 1114112K
  class space    used 3235K, committed 3392K, reserved 1048576K
}

